<?xml version="1.0" encoding="UTF-8" ?>
<testsuites>
  <testsuite errors="0" failures="0" hostname="jarle-hansens-macbook-pro.local" id="0" name="Proto2JavaMeTest" package="net.jarlehansen.proto2javame" tests="2" time="0.433" timestamp="2010-09-04T19:37:39">
      <properties />

      <testcase classname="net.jarlehansen.proto2javame.Proto2JavaMeTest" name="testMainValidInput" time="0.376" />

      <testcase classname="net.jarlehansen.proto2javame.Proto2JavaMeTest" name="testMainInvalidInput" time="0.0010" />

      <system-out><![CDATA[net.jarlehansen.proto2javame.Proto2JavaMeTest - The file src/test/generated/net/jarlehansen/protobuf/javame/generated/JunitTestObject.java was delete? true
Starting protobuf-javame code generation, Sat Sep 04 21:37:40 CEST 2010
SUCCESS! Created the java-object(s): 
	-> JunitTestObject

FINISHED, time used: 362ms
net.jarlehansen.proto2javame.Proto2JavaMeTest - The file src/test/generated/net/jarlehansen/protobuf/javame/generated/JunitTestObject.java was delete? true
Starting protobuf-javame code generation, Sat Sep 04 21:37:40 CEST 2010

FINISHED, time used: 0ms
]]></system-out>

      <system-err><![CDATA[Error: The number of input parameters must be 2, it was: 1. Values: []. Valid syntax: --java_out=/path/to/dir path/to/protoFile.proto
]]></system-err>

  </testsuite>
  <testsuite errors="0" failures="0" hostname="jarle-hansens-macbook-pro.local" id="1" name="CodeGeneratorImplTest" package="net.jarlehansen.proto2javame.business.generator" tests="5" time="0.072" timestamp="2010-09-04T19:37:40">
      <properties />

      <testcase classname="net.jarlehansen.proto2javame.business.generator.CodeGeneratorImplTest" name="testGenerateJavaSourceCodeValidInput" time="0.011" />

      <testcase classname="net.jarlehansen.proto2javame.business.generator.CodeGeneratorImplTest" name="testGenerateJavaSourceCodeTooFewInputValues" time="0.0" />

      <testcase classname="net.jarlehansen.proto2javame.business.generator.CodeGeneratorImplTest" name="testGenerateJavaSourceCodeTooManyInputValues" time="0.0010" />

      <testcase classname="net.jarlehansen.proto2javame.business.generator.CodeGeneratorImplTest" name="testGenerateJavaSourceCodeInvalidJavaOutInput" time="0.0010" />

      <testcase classname="net.jarlehansen.proto2javame.business.generator.CodeGeneratorImplTest" name="testGenerateJavaSourceCodeInvalidProtoLocationInput" time="0.0" />

      <system-out><![CDATA[net.jarlehansen.proto2javame.business.generator.CodeGeneratorImplTest - The file src/test/generated/net/jarlehansen/protobuf/javame/generated/JunitTestObject.java was delete? false
]]></system-out>

      <system-err><![CDATA[]]></system-err>

  </testsuite>
  <testsuite errors="0" failures="0" hostname="jarle-hansens-macbook-pro.local" id="2" name="MetaDataFactoryTest" package="net.jarlehansen.proto2javame.business.generator.factory" tests="8" time="0.021" timestamp="2010-09-04T19:37:40">
      <properties />

      <testcase classname="net.jarlehansen.proto2javame.business.generator.factory.MetaDataFactoryTest" name="testCreateInputMetaDataVoValidInput" time="0.0010" />

      <testcase classname="net.jarlehansen.proto2javame.business.generator.factory.MetaDataFactoryTest" name="testCreateInputMetaDataVoMissingJavaOut" time="0.0" />

      <testcase classname="net.jarlehansen.proto2javame.business.generator.factory.MetaDataFactoryTest" name="testCreateInputMetaDataVoMissingProtoLocation" time="0.0" />

      <testcase classname="net.jarlehansen.proto2javame.business.generator.factory.MetaDataFactoryTest" name="testCreateInputMetaDataVoMissingJavaOutTag" time="0.0" />

      <testcase classname="net.jarlehansen.proto2javame.business.generator.factory.MetaDataFactoryTest" name="testCreateInputMetaDataVoInvalidDestinationDirectory" time="0.0" />

      <testcase classname="net.jarlehansen.proto2javame.business.generator.factory.MetaDataFactoryTest" name="testCreateInputMetaDataVoInvalidProtoLocation" time="0.0020" />

      <testcase classname="net.jarlehansen.proto2javame.business.generator.factory.MetaDataFactoryTest" name="testCreateInputMetaDataVoInalidInput" time="0.0020" />

      <testcase classname="net.jarlehansen.proto2javame.business.generator.factory.MetaDataFactoryTest" name="testCreateInputMetaDataVoInvalidNumberOfParameters" time="0.0010" />

      <system-out><![CDATA[]]></system-out>

      <system-err><![CDATA[]]></system-err>

  </testsuite>
  <testsuite errors="0" failures="0" hostname="jarle-hansens-macbook-pro.local" id="3" name="JavaSourceCodeBuilderImplTest" package="net.jarlehansen.proto2javame.business.sourcebuilder" tests="3" time="0.016" timestamp="2010-09-04T19:37:40">
      <properties />

      <testcase classname="net.jarlehansen.proto2javame.business.sourcebuilder.JavaSourceCodeBuilderImplTest" name="testCreateJavaSourceCode" time="0.0070" />

      <testcase classname="net.jarlehansen.proto2javame.business.sourcebuilder.JavaSourceCodeBuilderImplTest" name="testCreateJavaSourceCodeAssertClassName" time="0.0020" />

      <testcase classname="net.jarlehansen.proto2javame.business.sourcebuilder.JavaSourceCodeBuilderImplTest" name="testCreateJavaSourceCodeAssertSource" time="0.0010" />

      <system-out><![CDATA[]]></system-out>

      <system-err><![CDATA[]]></system-err>

  </testsuite>
  <testsuite errors="0" failures="0" hostname="jarle-hansens-macbook-pro.local" id="4" name="InternalClassBuilderImplTest" package="net.jarlehansen.proto2javame.business.sourcebuilder.builder" tests="2" time="0.0020" timestamp="2010-09-04T19:37:40">
      <properties />

      <testcase classname="net.jarlehansen.proto2javame.business.sourcebuilder.builder.InternalClassBuilderImplTest" name="testCreateInternalClass" time="0.0" />

      <testcase classname="net.jarlehansen.proto2javame.business.sourcebuilder.builder.InternalClassBuilderImplTest" name="testCreateInteralClassAssertSource" time="0.0" />

      <system-out><![CDATA[]]></system-out>

      <system-err><![CDATA[]]></system-err>

  </testsuite>
  <testsuite errors="0" failures="0" hostname="jarle-hansens-macbook-pro.local" id="5" name="PrivateMethodsBuilderImplTest" package="net.jarlehansen.proto2javame.business.sourcebuilder.instancemethods" tests="2" time="0.016" timestamp="2010-09-04T19:37:40">
      <properties />

      <testcase classname="net.jarlehansen.proto2javame.business.sourcebuilder.instancemethods.PrivateMethodsBuilderImplTest" name="testCreatePrivateMethods" time="0.0010" />

      <testcase classname="net.jarlehansen.proto2javame.business.sourcebuilder.instancemethods.PrivateMethodsBuilderImplTest" name="testCreatePrivateMethodsAssertSource" time="0.0030" />

      <system-out><![CDATA[]]></system-out>

      <system-err><![CDATA[]]></system-err>

  </testsuite>
  <testsuite errors="0" failures="0" hostname="jarle-hansens-macbook-pro.local" id="6" name="MainClassBuilderImplTest" package="net.jarlehansen.proto2javame.business.sourcebuilder.main" tests="2" time="0.0070" timestamp="2010-09-04T19:37:40">
      <properties />

      <testcase classname="net.jarlehansen.proto2javame.business.sourcebuilder.main.MainClassBuilderImplTest" name="testCreateMainClass" time="0.0010" />

      <testcase classname="net.jarlehansen.proto2javame.business.sourcebuilder.main.MainClassBuilderImplTest" name="testCreateMainClassAssertSource" time="0.0" />

      <system-out><![CDATA[]]></system-out>

      <system-err><![CDATA[]]></system-err>

  </testsuite>
  <testsuite errors="0" failures="0" hostname="jarle-hansens-macbook-pro.local" id="7" name="PublicMethodsBuilderImplTest" package="net.jarlehansen.proto2javame.business.sourcebuilder.publicmethods" tests="2" time="0.0070" timestamp="2010-09-04T19:37:40">
      <properties />

      <testcase classname="net.jarlehansen.proto2javame.business.sourcebuilder.publicmethods.PublicMethodsBuilderImplTest" name="testCreatePublicMethods" time="0.0" />

      <testcase classname="net.jarlehansen.proto2javame.business.sourcebuilder.publicmethods.PublicMethodsBuilderImplTest" name="testCreatePublicMethodsAssertSource" time="0.0" />

      <system-out><![CDATA[]]></system-out>

      <system-err><![CDATA[]]></system-err>

  </testsuite>
  <testsuite errors="0" failures="0" hostname="jarle-hansens-macbook-pro.local" id="8" name="JavaSourceUtilTest" package="net.jarlehansen.proto2javame.business.sourcebuilder.resource" tests="1" time="0.0080" timestamp="2010-09-04T19:37:40">
      <properties />

      <testcase classname="net.jarlehansen.proto2javame.business.sourcebuilder.resource.JavaSourceUtilTest" name="testGetClassName" time="0.0" />

      <system-out><![CDATA[]]></system-out>

      <system-err><![CDATA[]]></system-err>

  </testsuite>
  <testsuite errors="0" failures="0" hostname="jarle-hansens-macbook-pro.local" id="9" name="ResourceFormatUtilTest" package="net.jarlehansen.proto2javame.business.sourcebuilder.resource" tests="7" time="0.017" timestamp="2010-09-04T19:37:40">
      <properties />

      <testcase classname="net.jarlehansen.proto2javame.business.sourcebuilder.resource.ResourceFormatUtilTest" name="testGetStringValidInput" time="0.0" />

      <testcase classname="net.jarlehansen.proto2javame.business.sourcebuilder.resource.ResourceFormatUtilTest" name="tesGetStringInvalidInput" time="0.0" />

      <testcase classname="net.jarlehansen.proto2javame.business.sourcebuilder.resource.ResourceFormatUtilTest" name="testGetStringVarArgsValidInput" time="0.0" />

      <testcase classname="net.jarlehansen.proto2javame.business.sourcebuilder.resource.ResourceFormatUtilTest" name="testGetStringVarArgsInvalidInput" time="0.0010" />

      <testcase classname="net.jarlehansen.proto2javame.business.sourcebuilder.resource.ResourceFormatUtilTest" name="testLineSeparatorWindows" time="0.0020" />

      <testcase classname="net.jarlehansen.proto2javame.business.sourcebuilder.resource.ResourceFormatUtilTest" name="testLineSeparatorUnix" time="0.0" />

      <testcase classname="net.jarlehansen.proto2javame.business.sourcebuilder.resource.ResourceFormatUtilTest" name="testLineSeparatorOSX" time="0.0050" />

      <system-out><![CDATA[]]></system-out>

      <system-err><![CDATA[]]></system-err>

  </testsuite>
  <testsuite errors="0" failures="0" hostname="jarle-hansens-macbook-pro.local" id="10" name="StaticMethodsBuilderImplTest" package="net.jarlehansen.proto2javame.business.sourcebuilder.staticmethods" tests="2" time="0.01" timestamp="2010-09-04T19:37:40">
      <properties />

      <testcase classname="net.jarlehansen.proto2javame.business.sourcebuilder.staticmethods.StaticMethodsBuilderImplTest" name="testCreateStaticMethods" time="0.0010" />

      <testcase classname="net.jarlehansen.proto2javame.business.sourcebuilder.staticmethods.StaticMethodsBuilderImplTest" name="testCreateStaticMethodsAssertSource" time="0.0" />

      <system-out><![CDATA[]]></system-out>

      <system-err><![CDATA[]]></system-err>

  </testsuite>
  <testsuite errors="0" failures="0" hostname="jarle-hansens-macbook-pro.local" id="11" name="GenerateLargeObjectTest" package="net.jarlehansen.proto2javame.generated.sourcecode.tests" tests="1" time="0.023" timestamp="2010-09-04T19:37:40">
      <properties />

      <testcase classname="net.jarlehansen.proto2javame.generated.sourcecode.tests.GenerateLargeObjectTest" name="testGenerateObject" time="0.015" />

      <system-out><![CDATA[Starting protobuf-javame code generation, Sat Sep 04 21:37:40 CEST 2010
SUCCESS! Created the java-object(s): 
	-> JunitTestLargeObject

FINISHED, time used: 14ms
]]></system-out>

      <system-err><![CDATA[]]></system-err>

  </testsuite>
  <testsuite errors="0" failures="0" hostname="jarle-hansens-macbook-pro.local" id="12" name="GenerateObjectTest" package="net.jarlehansen.proto2javame.generated.sourcecode.tests" tests="1" time="0.0070" timestamp="2010-09-04T19:37:40">
      <properties />

      <testcase classname="net.jarlehansen.proto2javame.generated.sourcecode.tests.GenerateObjectTest" name="testGenerateObject" time="0.0020" />

      <system-out><![CDATA[Starting protobuf-javame code generation, Sat Sep 04 21:37:40 CEST 2010
SUCCESS! Created the java-object(s): 
	-> JunitTestMainObject

FINISHED, time used: 2ms
]]></system-out>

      <system-err><![CDATA[]]></system-err>

  </testsuite>
  <testsuite errors="0" failures="0" hostname="jarle-hansens-macbook-pro.local" id="13" name="ProtobufSerializationTest" package="net.jarlehansen.proto2javame.generated.sourcecode.tests.bytearray" tests="3" time="0.06" timestamp="2010-09-04T19:37:40">
      <properties />

      <testcase classname="net.jarlehansen.proto2javame.generated.sourcecode.tests.bytearray.ProtobufSerializationTest" name="testProtobufSerializationAndDeserializationRequiredFields" time="0.041" />

      <testcase classname="net.jarlehansen.proto2javame.generated.sourcecode.tests.bytearray.ProtobufSerializationTest" name="testProtobufSerializationAndDeserializationRequiredAndOptionalFields" time="0.0010" />

      <testcase classname="net.jarlehansen.proto2javame.generated.sourcecode.tests.bytearray.ProtobufSerializationTest" name="testProtobufSerializationAndDeserializationAllFields" time="0.0030" />

      <system-out><![CDATA[]]></system-out>

      <system-err><![CDATA[]]></system-err>

  </testsuite>
  <testsuite errors="0" failures="0" hostname="jarle-hansens-macbook-pro.local" id="14" name="ReadAndWriteByteArrayTest" package="net.jarlehansen.proto2javame.generated.sourcecode.tests.bytearray" tests="4" time="0.011" timestamp="2010-09-04T19:37:40">
      <properties />

      <testcase classname="net.jarlehansen.proto2javame.generated.sourcecode.tests.bytearray.ReadAndWriteByteArrayTest" name="testWriteToNewByteArrayValidInput" time="0.0020" />

      <testcase classname="net.jarlehansen.proto2javame.generated.sourcecode.tests.bytearray.ReadAndWriteByteArrayTest" name="testWriteToNewByteArrayInvalidInput" time="0.0010" />

      <testcase classname="net.jarlehansen.proto2javame.generated.sourcecode.tests.bytearray.ReadAndWriteByteArrayTest" name="testWriteToByteArray" time="0.0" />

      <testcase classname="net.jarlehansen.proto2javame.generated.sourcecode.tests.bytearray.ReadAndWriteByteArrayTest" name="testParseFromByteArray" time="0.0" />

      <system-out><![CDATA[]]></system-out>

      <system-err><![CDATA[]]></system-err>

  </testsuite>
  <testsuite errors="0" failures="0" hostname="jarle-hansens-macbook-pro.local" id="15" name="ReadAndWriteLargeByteArrayTest" package="net.jarlehansen.proto2javame.generated.sourcecode.tests.bytearray" tests="4" time="0.0060" timestamp="2010-09-04T19:37:40">
      <properties />

      <testcase classname="net.jarlehansen.proto2javame.generated.sourcecode.tests.bytearray.ReadAndWriteLargeByteArrayTest" name="testWriteToNewByteArrayValidRequiredInput" time="0.0" />

      <testcase classname="net.jarlehansen.proto2javame.generated.sourcecode.tests.bytearray.ReadAndWriteLargeByteArrayTest" name="testWriteToNewByteArrayValidRequiredAndOptionalInput" time="0.0010" />

      <testcase classname="net.jarlehansen.proto2javame.generated.sourcecode.tests.bytearray.ReadAndWriteLargeByteArrayTest" name="testWriteToNewByteArrayValidInputAllFields" time="0.0010" />

      <testcase classname="net.jarlehansen.proto2javame.generated.sourcecode.tests.bytearray.ReadAndWriteLargeByteArrayTest" name="testWriteToByteArrayValidInputAllFields" time="0.0010" />

      <system-out><![CDATA[TestObj required fields: net.jarlehansen.proto2javame.generated.sourcecode.tests.tempfiles.JunitTestLargeObject(id = 11415151   number2 = 12312978937548142   name = Jarle Hansen   boolVal = true   amount = 4551.125   floatNum = 1241246.1   byteStringObj = net.jarlehansen.protobuf.javame.ByteString@514f011   idList = []   number2List = []   nameList = []   boolValList = []   amountList = []   floatNumList = []   byteStringObjList = []   )
TestObj required and optional fields: net.jarlehansen.proto2javame.generated.sourcecode.tests.tempfiles.JunitTestLargeObject(id = 11415151   number2 = 12312978937548142   name = Jarle Hansen   boolVal = true   amount = 4551.125   floatNum = 1241246.1   byteStringObj = net.jarlehansen.protobuf.javame.ByteString@514f011   idOptional = 155112   number2Optional = 14184771791   nameOptional = Optional Name   boolValOptional = false   amountOptional = 124124.12417   floatNumOptional = 8.5889122E12   byteStringObjOptional = net.jarlehansen.protobuf.javame.ByteString@f299dd02   idList = []   number2List = []   nameList = []   boolValList = []   amountList = []   floatNumList = []   byteStringObjList = []   )
TestObj required and optional fields: net.jarlehansen.proto2javame.generated.sourcecode.tests.tempfiles.JunitTestLargeObject(id = 11415151   number2 = 12312978937548142   name = Jarle Hansen   boolVal = true   amount = 4551.125   floatNum = 1241246.1   byteStringObj = net.jarlehansen.protobuf.javame.ByteString@514f011   idOptional = 155112   number2Optional = 14184771791   nameOptional = Optional Name   boolValOptional = false   amountOptional = 124124.12417   floatNumOptional = 8.5889122E12   byteStringObjOptional = net.jarlehansen.protobuf.javame.ByteString@f299dd02   idList = [2455, 12515156]   number2List = [189248124781498, 86898927]   nameList = [First Name, Second Name]   boolValList = [false, true]   amountList = [9041241.124124, 9182905.1251]   floatNumList = [1.24901824E8, 8214.124]   byteStringObjList = [net.jarlehansen.protobuf.javame.ByteString@7c131308, net.jarlehansen.protobuf.javame.ByteString@d27b3d54]   )
TestObj required and optional fields: net.jarlehansen.proto2javame.generated.sourcecode.tests.tempfiles.JunitTestLargeObject(id = 11415151   number2 = 12312978937548142   name = Jarle Hansen   boolVal = true   amount = 4551.125   floatNum = 1241246.1   byteStringObj = net.jarlehansen.protobuf.javame.ByteString@514f011   idOptional = 155112   number2Optional = 14184771791   nameOptional = Optional Name   boolValOptional = false   amountOptional = 124124.12417   floatNumOptional = 8.5889122E12   byteStringObjOptional = net.jarlehansen.protobuf.javame.ByteString@f299dd02   idList = [2455, 12515156]   number2List = [189248124781498, 86898927]   nameList = [First Name, Second Name]   boolValList = [false, true]   amountList = [9041241.124124, 9182905.1251]   floatNumList = [1.24901824E8, 8214.124]   byteStringObjList = [net.jarlehansen.protobuf.javame.ByteString@7c131308, net.jarlehansen.protobuf.javame.ByteString@d27b3d54]   )
]]></system-out>

      <system-err><![CDATA[]]></system-err>

  </testsuite>
  <testsuite errors="0" failures="0" hostname="jarle-hansens-macbook-pro.local" id="16" name="ReadAndWriteDelimitedTest" package="net.jarlehansen.proto2javame.generated.sourcecode.tests.delimited" tests="2" time="0.145" timestamp="2010-09-04T19:37:40">
      <properties />

      <testcase classname="net.jarlehansen.proto2javame.generated.sourcecode.tests.delimited.ReadAndWriteDelimitedTest" name="testWriteDelimitedToAllFields" time="0.139" />

      <testcase classname="net.jarlehansen.proto2javame.generated.sourcecode.tests.delimited.ReadAndWriteDelimitedTest" name="testParseDelimitedToInvalidStream" time="0.0010" />

      <system-out><![CDATA[]]></system-out>

      <system-err><![CDATA[]]></system-err>

  </testsuite>
  <testsuite errors="0" failures="0" hostname="jarle-hansens-macbook-pro.local" id="17" name="ReadAndWriteLargeStreamTest" package="net.jarlehansen.proto2javame.generated.sourcecode.tests.stream" tests="6" time="0.042" timestamp="2010-09-04T19:37:40">
      <properties />

      <testcase classname="net.jarlehansen.proto2javame.generated.sourcecode.tests.stream.ReadAndWriteLargeStreamTest" name="testWriteToOutputStreamValidRequiredInput" time="0.0" />

      <testcase classname="net.jarlehansen.proto2javame.generated.sourcecode.tests.stream.ReadAndWriteLargeStreamTest" name="testWriteToOutputStreamValidRequiredAndOptionalInput" time="0.014" />

      <testcase classname="net.jarlehansen.proto2javame.generated.sourcecode.tests.stream.ReadAndWriteLargeStreamTest" name="testWriteToOutputStreamValidInputAllFields" time="0.0020" />

      <testcase classname="net.jarlehansen.proto2javame.generated.sourcecode.tests.stream.ReadAndWriteLargeStreamTest" name="testParseFromInputStreamValidRequiredInput" time="0.014" />

      <testcase classname="net.jarlehansen.proto2javame.generated.sourcecode.tests.stream.ReadAndWriteLargeStreamTest" name="testParseFromInputStreamValidRequiredAndOptionalInput" time="0.0020" />

      <testcase classname="net.jarlehansen.proto2javame.generated.sourcecode.tests.stream.ReadAndWriteLargeStreamTest" name="testParseFromInputStreamValidInputAllFields" time="0.0020" />

      <system-out><![CDATA[net.jarlehansen.proto2javame.generated.sourcecode.tests.stream.ReadAndWriteLargeStreamTest - The file src/test/generated/txt/LargeTextFileRequired.txt was delete? true
net.jarlehansen.proto2javame.generated.sourcecode.tests.stream.ReadAndWriteLargeStreamTest - The file src/test/generated/txt/LargeTextFileRequired.txt was delete? true
net.jarlehansen.proto2javame.generated.sourcecode.tests.stream.ReadAndWriteLargeStreamTest - The file src/test/generated/txt/LargeTextFileRequired.txt was delete? true
ParseFrom TestObj required fields: net.jarlehansen.proto2javame.generated.sourcecode.tests.tempfiles.JunitTestLargeObject(id = 11415151   number2 = 12312978937548142   name = Jarle Hansen   boolVal = true   amount = 4551.125   floatNum = 1241246.1   byteStringObj = net.jarlehansen.protobuf.javame.ByteString@514f011   idList = []   number2List = []   nameList = []   boolValList = []   amountList = []   floatNumList = []   byteStringObjList = []   )
ParseFrom TestObj required and optional fields: net.jarlehansen.proto2javame.generated.sourcecode.tests.tempfiles.JunitTestLargeObject(id = 11415151   number2 = 12312978937548142   name = Jarle Hansen   boolVal = true   amount = 4551.125   floatNum = 1241246.1   byteStringObj = net.jarlehansen.protobuf.javame.ByteString@514f011   idOptional = 155112   number2Optional = 14184771791   nameOptional = Optional Name   boolValOptional = false   amountOptional = 124124.12417   floatNumOptional = 8.5889122E12   byteStringObjOptional = net.jarlehansen.protobuf.javame.ByteString@f299dd02   idList = []   number2List = []   nameList = []   boolValList = []   amountList = []   floatNumList = []   byteStringObjList = []   )
ParseFrom TestObj all fields: net.jarlehansen.proto2javame.generated.sourcecode.tests.tempfiles.JunitTestLargeObject(id = 11415151   number2 = 12312978937548142   name = Jarle Hansen   boolVal = true   amount = 4551.125   floatNum = 1241246.1   byteStringObj = net.jarlehansen.protobuf.javame.ByteString@514f011   idOptional = 155112   number2Optional = 14184771791   nameOptional = Optional Name   boolValOptional = false   amountOptional = 124124.12417   floatNumOptional = 8.5889122E12   byteStringObjOptional = net.jarlehansen.protobuf.javame.ByteString@f299dd02   idList = [2455, 12515156]   number2List = [189248124781498, 86898927]   nameList = [First Name, Second Name]   boolValList = [false, true]   amountList = [9041241.124124, 9182905.1251]   floatNumList = [1.24901824E8, 8214.124]   byteStringObjList = [net.jarlehansen.protobuf.javame.ByteString@7c131308, net.jarlehansen.protobuf.javame.ByteString@d27b3d54]   )
]]></system-out>

      <system-err><![CDATA[]]></system-err>

  </testsuite>
  <testsuite errors="0" failures="0" hostname="jarle-hansens-macbook-pro.local" id="18" name="ReadAndWriteStreamTest" package="net.jarlehansen.proto2javame.generated.sourcecode.tests.stream" tests="4" time="0.034" timestamp="2010-09-04T19:37:40">
      <properties />

      <testcase classname="net.jarlehansen.proto2javame.generated.sourcecode.tests.stream.ReadAndWriteStreamTest" name="testWriteToOutputStreamValidInput" time="0.0" />

      <testcase classname="net.jarlehansen.proto2javame.generated.sourcecode.tests.stream.ReadAndWriteStreamTest" name="testWriteToOutputStreamInvalidInput" time="0.0090" />

      <testcase classname="net.jarlehansen.proto2javame.generated.sourcecode.tests.stream.ReadAndWriteStreamTest" name="testParseFromInputStreamValidInput" time="0.0010" />

      <testcase classname="net.jarlehansen.proto2javame.generated.sourcecode.tests.stream.ReadAndWriteStreamTest" name="testParseFromInputStreamInvalidInput" time="0.0030" />

      <system-out><![CDATA[net.jarlehansen.proto2javame.generated.sourcecode.tests.stream.ReadAndWriteStreamTest - The file src/test/generated/txt/GeneratedTextFile.txt was delete? true
net.jarlehansen.proto2javame.generated.sourcecode.tests.stream.ReadAndWriteStreamTest - The file src/test/generated/txt/GeneratedTextFile.txt was delete? true
]]></system-out>

      <system-err><![CDATA[]]></system-err>

  </testsuite>
  <testsuite errors="0" failures="0" hostname="jarle-hansens-macbook-pro.local" id="19" name="InvalidProtoFileInputTest" package="net.jarlehansen.proto2javame.invalid.proto" tests="6" time="0.026" timestamp="2010-09-04T19:37:41">
      <properties />

      <testcase classname="net.jarlehansen.proto2javame.invalid.proto.InvalidProtoFileInputTest" name="testInvalidPackage" time="0.0010" />

      <testcase classname="net.jarlehansen.proto2javame.invalid.proto.InvalidProtoFileInputTest" name="testInvalidMessageStart" time="0.0" />

      <testcase classname="net.jarlehansen.proto2javame.invalid.proto.InvalidProtoFileInputTest" name="testInvalidField" time="0.0010" />

      <testcase classname="net.jarlehansen.proto2javame.invalid.proto.InvalidProtoFileInputTest" name="testInvalidMessageEnd" time="0.0" />

      <testcase classname="net.jarlehansen.proto2javame.invalid.proto.InvalidProtoFileInputTest" name="testInvalidFieldId" time="0.0" />

      <testcase classname="net.jarlehansen.proto2javame.invalid.proto.InvalidProtoFileInputTest" name="testInvalidEnumId" time="0.015" />

      <system-out><![CDATA[]]></system-out>

      <system-err><![CDATA[]]></system-err>

  </testsuite>
  <testsuite errors="0" failures="0" hostname="jarle-hansens-macbook-pro.local" id="20" name="ProtoObjectBuilderImplTest" package="net.jarlehansen.proto2javame.io.protoinput" tests="2" time="0.0050" timestamp="2010-09-04T19:37:41">
      <properties />

      <testcase classname="net.jarlehansen.proto2javame.io.protoinput.ProtoObjectBuilderImplTest" name="testValidateAndSaveProtoData" time="0.0010" />

      <testcase classname="net.jarlehansen.proto2javame.io.protoinput.ProtoObjectBuilderImplTest" name="testValidateAndSaveProtoDataInvalidProtoLocation" time="0.0" />

      <system-out><![CDATA[]]></system-out>

      <system-err><![CDATA[]]></system-err>

  </testsuite>
  <testsuite errors="0" failures="0" hostname="jarle-hansens-macbook-pro.local" id="21" name="ProtoParserFactoryImplTest" package="net.jarlehansen.proto2javame.io.protoinput.factory" tests="13" time="0.092" timestamp="2010-09-04T19:37:41">
      <properties />

      <testcase classname="net.jarlehansen.proto2javame.io.protoinput.factory.ProtoParserFactoryImplTest" name="testGetProtoParserInvalidPattern" time="0.0" />

      <testcase classname="net.jarlehansen.proto2javame.io.protoinput.factory.ProtoParserFactoryImplTest" name="testGetProtoParserPackagePattern" time="0.0" />

      <testcase classname="net.jarlehansen.proto2javame.io.protoinput.factory.ProtoParserFactoryImplTest" name="testGetProtoParserJavaPackagePattern" time="0.0" />

      <testcase classname="net.jarlehansen.proto2javame.io.protoinput.factory.ProtoParserFactoryImplTest" name="testGetProtoParserJavaOuterClassnamePattern" time="0.0010" />

      <testcase classname="net.jarlehansen.proto2javame.io.protoinput.factory.ProtoParserFactoryImplTest" name="testGetProtoParserMessageStartPattern" time="0.0" />

      <testcase classname="net.jarlehansen.proto2javame.io.protoinput.factory.ProtoParserFactoryImplTest" name="testGetProtoParserMessageFieldPattern" time="0.0" />

      <testcase classname="net.jarlehansen.proto2javame.io.protoinput.factory.ProtoParserFactoryImplTest" name="testGetProtoParserMessageFieldPatternInvalidOrder" time="0.051" />

      <testcase classname="net.jarlehansen.proto2javame.io.protoinput.factory.ProtoParserFactoryImplTest" name="testGetProtoParserEnumStartPattern" time="0.0" />

      <testcase classname="net.jarlehansen.proto2javame.io.protoinput.factory.ProtoParserFactoryImplTest" name="testGetProtoParserEnumValuePatternInvalidOrder" time="0.0" />

      <testcase classname="net.jarlehansen.proto2javame.io.protoinput.factory.ProtoParserFactoryImplTest" name="testGetProtoParserEnumValuePattern" time="0.0010" />

      <testcase classname="net.jarlehansen.proto2javame.io.protoinput.factory.ProtoParserFactoryImplTest" name="testGetProtoParserEndPatternInvalidOrder" time="0.0" />

      <testcase classname="net.jarlehansen.proto2javame.io.protoinput.factory.ProtoParserFactoryImplTest" name="testGetProtoParserEnumEndPattern" time="0.0" />

      <testcase classname="net.jarlehansen.proto2javame.io.protoinput.factory.ProtoParserFactoryImplTest" name="testGetProtoParserMessageEndPattern" time="0.0" />

      <system-out><![CDATA[]]></system-out>

      <system-err><![CDATA[]]></system-err>

  </testsuite>
  <testsuite errors="0" failures="0" hostname="jarle-hansens-macbook-pro.local" id="22" name="FieldParserImplTest" package="net.jarlehansen.proto2javame.io.protoinput.fields" tests="8" time="0.029" timestamp="2010-09-04T19:37:41">
      <properties />

      <testcase classname="net.jarlehansen.proto2javame.io.protoinput.fields.FieldParserImplTest" name="testGetScopeTagValidInput" time="0.0010" />

      <testcase classname="net.jarlehansen.proto2javame.io.protoinput.fields.FieldParserImplTest" name="testGetScopeTagInvalidInput" time="0.0030" />

      <testcase classname="net.jarlehansen.proto2javame.io.protoinput.fields.FieldParserImplTest" name="testGetTypeTagValidInput" time="0.0" />

      <testcase classname="net.jarlehansen.proto2javame.io.protoinput.fields.FieldParserImplTest" name="testGetTypeTagEnumInput" time="0.0" />

      <testcase classname="net.jarlehansen.proto2javame.io.protoinput.fields.FieldParserImplTest" name="testGetTypeTagCustomInput" time="0.0" />

      <testcase classname="net.jarlehansen.proto2javame.io.protoinput.fields.FieldParserImplTest" name="testGetIdTagValidInput" time="0.0" />

      <testcase classname="net.jarlehansen.proto2javame.io.protoinput.fields.FieldParserImplTest" name="testGetIdTagInvalidInputTag" time="0.0080" />

      <testcase classname="net.jarlehansen.proto2javame.io.protoinput.fields.FieldParserImplTest" name="testGetIdTagDuplicateIdNumber" time="0.0010" />

      <system-out><![CDATA[]]></system-out>

      <system-err><![CDATA[]]></system-err>

  </testsuite>
  <testsuite errors="0" failures="0" hostname="jarle-hansens-macbook-pro.local" id="23" name="ResourcePatternUtilTest" package="net.jarlehansen.proto2javame.io.protoinput.patterns.resource" tests="2" time="0.0040" timestamp="2010-09-04T19:37:41">
      <properties />

      <testcase classname="net.jarlehansen.proto2javame.io.protoinput.patterns.resource.ResourcePatternUtilTest" name="testGetStringValidInput" time="0.0" />

      <testcase classname="net.jarlehansen.proto2javame.io.protoinput.patterns.resource.ResourcePatternUtilTest" name="testGetStringInvalidInput" time="0.0010" />

      <system-out><![CDATA[]]></system-out>

      <system-err><![CDATA[]]></system-err>

  </testsuite>
  <testsuite errors="0" failures="0" hostname="jarle-hansens-macbook-pro.local" id="24" name="ProtoTagUtilTest" package="net.jarlehansen.proto2javame.io.protoinput.util" tests="2" time="0.0040" timestamp="2010-09-04T19:37:41">
      <properties />

      <testcase classname="net.jarlehansen.proto2javame.io.protoinput.util.ProtoTagUtilTest" name="testIsValidProtoFileValidInput" time="0.0" />

      <testcase classname="net.jarlehansen.proto2javame.io.protoinput.util.ProtoTagUtilTest" name="testIsValidProtoFileInvalidInput" time="0.0" />

      <system-out><![CDATA[]]></system-out>

      <system-err><![CDATA[]]></system-err>

  </testsuite>
  <testsuite errors="0" failures="0" hostname="jarle-hansens-macbook-pro.local" id="25" name="GoogleProtobufIntegrationTest" package="net.jarlehansen.proto2javame.protobuf.integration" tests="9" time="0.243" timestamp="2010-09-04T19:37:41">
      <properties />

      <testcase classname="net.jarlehansen.proto2javame.protobuf.integration.GoogleProtobufIntegrationTest" name="testGoogleProtobufGeneratedByteArrayToJavaMe" time="0.186" />

      <testcase classname="net.jarlehansen.proto2javame.protobuf.integration.GoogleProtobufIntegrationTest" name="testUpdatedGoogleProtobufGeneratedByteArrayToJavaMe" time="0.0070" />

      <testcase classname="net.jarlehansen.proto2javame.protobuf.integration.GoogleProtobufIntegrationTest" name="testGoogleProtobufGeneratedByteArrayToJavaMeInvalidInput" time="0.0020" />

      <testcase classname="net.jarlehansen.proto2javame.protobuf.integration.GoogleProtobufIntegrationTest" name="testJavaMeGeneratedByteArrayToGoogleProtobuf" time="0.0080" />

      <testcase classname="net.jarlehansen.proto2javame.protobuf.integration.GoogleProtobufIntegrationTest" name="testUpdatedJavaMeGeneratedByteArrayToGoogleProtocolbuf" time="0.0090" />

      <testcase classname="net.jarlehansen.proto2javame.protobuf.integration.GoogleProtobufIntegrationTest" name="testWriteDelimitedWithAdditionalContentFromJavaMeObj" time="0.0020" />

      <testcase classname="net.jarlehansen.proto2javame.protobuf.integration.GoogleProtobufIntegrationTest" name="testWriteWithAdditionalContentFromJavaMeObj" time="0.0020" />

      <testcase classname="net.jarlehansen.proto2javame.protobuf.integration.GoogleProtobufIntegrationTest" name="testReadDelimitedFromWithAdditionalContentFromJavaSeObj" time="0.0020" />

      <testcase classname="net.jarlehansen.proto2javame.protobuf.integration.GoogleProtobufIntegrationTest" name="testReadFromWithAdditionalContentFromJavaSeObj" time="0.0" />

      <system-out><![CDATA[FieldNumber: 8 - Length delimited (String or ByteString) value: newField
FieldNumber: 9 - varint (long, int or boolean) value: 241
FieldNumber: 10 - varint (long, int or boolean) value: 15915125
FieldNumber: 11 - Length delimited (String or ByteString) value: newField4
FieldNumber: 12 - float value: 1.90351514E12
FieldNumber: 13 - varint (long, int or boolean) value: 1
FieldNumber: 14 - double value: 513.1151
]]></system-out>

      <system-err><![CDATA[]]></system-err>

  </testsuite>
  <testsuite errors="0" failures="0" hostname="jarle-hansens-macbook-pro.local" id="26" name="IntegrationTestsEnumFields" package="net.jarlehansen.proto2javame.protobuf.integration" tests="2" time="0.022" timestamp="2010-09-04T19:37:41">
      <properties />

      <testcase classname="net.jarlehansen.proto2javame.protobuf.integration.IntegrationTestsEnumFields" name="testEnumIntegrationJavaMe" time="0.018" />

      <testcase classname="net.jarlehansen.proto2javame.protobuf.integration.IntegrationTestsEnumFields" name="testEnumIntegrationJavaSe" time="0.0" />

      <system-out><![CDATA[]]></system-out>

      <system-err><![CDATA[]]></system-err>

  </testsuite>
  <testsuite errors="0" failures="0" hostname="jarle-hansens-macbook-pro.local" id="27" name="IntegrationTestsNestedMessages" package="net.jarlehansen.proto2javame.protobuf.integration" tests="4" time="0.036" timestamp="2010-09-04T19:37:41">
      <properties />

      <testcase classname="net.jarlehansen.proto2javame.protobuf.integration.IntegrationTestsNestedMessages" name="testIntegrationJavaMe" time="0.019" />

      <testcase classname="net.jarlehansen.proto2javame.protobuf.integration.IntegrationTestsNestedMessages" name="testIntegrationJavaSe" time="0.0" />

      <testcase classname="net.jarlehansen.proto2javame.protobuf.integration.IntegrationTestsNestedMessages" name="testIntegrationListJavaMe" time="0.01" />

      <testcase classname="net.jarlehansen.proto2javame.protobuf.integration.IntegrationTestsNestedMessages" name="testIntegrationListJavaSe" time="0.0010" />

      <system-out><![CDATA[]]></system-out>

      <system-err><![CDATA[]]></system-err>

  </testsuite>
</testsuites>
